running egg_info
writing ../../build/isaac_sim_ai/isaac_sim_ai.egg-info/PKG-INFO
writing dependency_links to ../../build/isaac_sim_ai/isaac_sim_ai.egg-info/dependency_links.txt
writing entry points to ../../build/isaac_sim_ai/isaac_sim_ai.egg-info/entry_points.txt
writing requirements to ../../build/isaac_sim_ai/isaac_sim_ai.egg-info/requires.txt
writing top-level names to ../../build/isaac_sim_ai/isaac_sim_ai.egg-info/top_level.txt
reading manifest file '../../build/isaac_sim_ai/isaac_sim_ai.egg-info/SOURCES.txt'
writing manifest file '../../build/isaac_sim_ai/isaac_sim_ai.egg-info/SOURCES.txt'
running build
running build_py
running install
running install_lib
running install_data
running install_egg_info
removing '/home/kabilankb/isaacsim_ai/install/isaac_sim_ai/lib/python3.10/site-packages/isaac_sim_ai-0.0.0-py3.10.egg-info' (and everything under it)
Copying ../../build/isaac_sim_ai/isaac_sim_ai.egg-info to /home/kabilankb/isaacsim_ai/install/isaac_sim_ai/lib/python3.10/site-packages/isaac_sim_ai-0.0.0-py3.10.egg-info
running install_scripts
Installing isaacsim_human_following script to /home/kabilankb/isaacsim_ai/install/isaac_sim_ai/lib/isaac_sim_ai
Installing isaacsim_humanpose script to /home/kabilankb/isaacsim_ai/install/isaac_sim_ai/lib/isaac_sim_ai
Installing isaacsim_jetbot_balltracking script to /home/kabilankb/isaacsim_ai/install/isaac_sim_ai/lib/isaac_sim_ai
Installing isaacsim_jetbot_linefollowing script to /home/kabilankb/isaacsim_ai/install/isaac_sim_ai/lib/isaac_sim_ai
Installing isaacsim_kaya script to /home/kabilankb/isaacsim_ai/install/isaac_sim_ai/lib/isaac_sim_ai
Installing isaacsim_monodepth script to /home/kabilankb/isaacsim_ai/install/isaac_sim_ai/lib/isaac_sim_ai
Installing isaacsim_objecct_detection script to /home/kabilankb/isaacsim_ai/install/isaac_sim_ai/lib/isaac_sim_ai
Installing isaacsim_object_avoidance script to /home/kabilankb/isaacsim_ai/install/isaac_sim_ai/lib/isaac_sim_ai
Installing segmentation script to /home/kabilankb/isaacsim_ai/install/isaac_sim_ai/lib/isaac_sim_ai
writing list of installed files to '/home/kabilankb/isaacsim_ai/build/isaac_sim_ai/install.log'
