/home/kabilankb/isaacsim_ai/install/isaac_sim_ai/lib/python3.10/site-packages/isaac_sim_ai/__init__.py
/home/kabilankb/isaacsim_ai/install/isaac_sim_ai/lib/python3.10/site-packages/isaac_sim_ai/spot.py
/home/kabilankb/isaacsim_ai/install/isaac_sim_ai/lib/python3.10/site-packages/isaac_sim_ai/isaacsim_human_following.py
/home/kabilankb/isaacsim_ai/install/isaac_sim_ai/lib/python3.10/site-packages/isaac_sim_ai/isaacsim_kaya.py
/home/kabilankb/isaacsim_ai/install/isaac_sim_ai/lib/python3.10/site-packages/isaac_sim_ai/isaacsim_objecct_detection.py
/home/kabilankb/isaacsim_ai/install/isaac_sim_ai/lib/python3.10/site-packages/isaac_sim_ai/isaacsim_kaya_greencube.py
/home/kabilankb/isaacsim_ai/install/isaac_sim_ai/lib/python3.10/site-packages/isaac_sim_ai/isaacsim_jetbot_balltracking.py
/home/kabilankb/isaacsim_ai/install/isaac_sim_ai/lib/python3.10/site-packages/isaac_sim_ai/isaacsim_monodepth.py
/home/kabilankb/isaacsim_ai/install/isaac_sim_ai/lib/python3.10/site-packages/isaac_sim_ai/isaacsim_object_avoidance.py
/home/kabilankb/isaacsim_ai/install/isaac_sim_ai/lib/python3.10/site-packages/isaac_sim_ai/segmentation.py
/home/kabilankb/isaacsim_ai/install/isaac_sim_ai/lib/python3.10/site-packages/isaac_sim_ai/isaacsim_humanpose.py
/home/kabilankb/isaacsim_ai/install/isaac_sim_ai/lib/python3.10/site-packages/isaac_sim_ai/isaacsim_jetbot_linefollowing.py
/home/kabilankb/isaacsim_ai/install/isaac_sim_ai/lib/python3.10/site-packages/isaac_sim_ai/__pycache__/__init__.cpython-310.pyc
/home/kabilankb/isaacsim_ai/install/isaac_sim_ai/lib/python3.10/site-packages/isaac_sim_ai/__pycache__/spot.cpython-310.pyc
/home/kabilankb/isaacsim_ai/install/isaac_sim_ai/lib/python3.10/site-packages/isaac_sim_ai/__pycache__/isaacsim_human_following.cpython-310.pyc
/home/kabilankb/isaacsim_ai/install/isaac_sim_ai/lib/python3.10/site-packages/isaac_sim_ai/__pycache__/isaacsim_kaya.cpython-310.pyc
/home/kabilankb/isaacsim_ai/install/isaac_sim_ai/lib/python3.10/site-packages/isaac_sim_ai/__pycache__/isaacsim_objecct_detection.cpython-310.pyc
/home/kabilankb/isaacsim_ai/install/isaac_sim_ai/lib/python3.10/site-packages/isaac_sim_ai/__pycache__/isaacsim_kaya_greencube.cpython-310.pyc
/home/kabilankb/isaacsim_ai/install/isaac_sim_ai/lib/python3.10/site-packages/isaac_sim_ai/__pycache__/isaacsim_jetbot_balltracking.cpython-310.pyc
/home/kabilankb/isaacsim_ai/install/isaac_sim_ai/lib/python3.10/site-packages/isaac_sim_ai/__pycache__/isaacsim_monodepth.cpython-310.pyc
/home/kabilankb/isaacsim_ai/install/isaac_sim_ai/lib/python3.10/site-packages/isaac_sim_ai/__pycache__/isaacsim_object_avoidance.cpython-310.pyc
/home/kabilankb/isaacsim_ai/install/isaac_sim_ai/lib/python3.10/site-packages/isaac_sim_ai/__pycache__/segmentation.cpython-310.pyc
/home/kabilankb/isaacsim_ai/install/isaac_sim_ai/lib/python3.10/site-packages/isaac_sim_ai/__pycache__/isaacsim_humanpose.cpython-310.pyc
/home/kabilankb/isaacsim_ai/install/isaac_sim_ai/lib/python3.10/site-packages/isaac_sim_ai/__pycache__/isaacsim_jetbot_linefollowing.cpython-310.pyc
/home/kabilankb/isaacsim_ai/install/isaac_sim_ai/share/ament_index/resource_index/packages/isaac_sim_ai
/home/kabilankb/isaacsim_ai/install/isaac_sim_ai/share/isaac_sim_ai/package.xml
/home/kabilankb/isaacsim_ai/install/isaac_sim_ai/lib/python3.10/site-packages/isaac_sim_ai-0.0.0-py3.10.egg-info/dependency_links.txt
/home/kabilankb/isaacsim_ai/install/isaac_sim_ai/lib/python3.10/site-packages/isaac_sim_ai-0.0.0-py3.10.egg-info/entry_points.txt
/home/kabilankb/isaacsim_ai/install/isaac_sim_ai/lib/python3.10/site-packages/isaac_sim_ai-0.0.0-py3.10.egg-info/SOURCES.txt
/home/kabilankb/isaacsim_ai/install/isaac_sim_ai/lib/python3.10/site-packages/isaac_sim_ai-0.0.0-py3.10.egg-info/requires.txt
/home/kabilankb/isaacsim_ai/install/isaac_sim_ai/lib/python3.10/site-packages/isaac_sim_ai-0.0.0-py3.10.egg-info/top_level.txt
/home/kabilankb/isaacsim_ai/install/isaac_sim_ai/lib/python3.10/site-packages/isaac_sim_ai-0.0.0-py3.10.egg-info/zip-safe
/home/kabilankb/isaacsim_ai/install/isaac_sim_ai/lib/python3.10/site-packages/isaac_sim_ai-0.0.0-py3.10.egg-info/PKG-INFO
/home/kabilankb/isaacsim_ai/install/isaac_sim_ai/lib/isaac_sim_ai/isaacsim_human_following
/home/kabilankb/isaacsim_ai/install/isaac_sim_ai/lib/isaac_sim_ai/isaacsim_humanpose
/home/kabilankb/isaacsim_ai/install/isaac_sim_ai/lib/isaac_sim_ai/isaacsim_jetbot_balltracking
/home/kabilankb/isaacsim_ai/install/isaac_sim_ai/lib/isaac_sim_ai/isaacsim_jetbot_linefollowing
/home/kabilankb/isaacsim_ai/install/isaac_sim_ai/lib/isaac_sim_ai/isaacsim_kaya
/home/kabilankb/isaacsim_ai/install/isaac_sim_ai/lib/isaac_sim_ai/isaacsim_kaya_greencube
/home/kabilankb/isaacsim_ai/install/isaac_sim_ai/lib/isaac_sim_ai/isaacsim_monodepth
/home/kabilankb/isaacsim_ai/install/isaac_sim_ai/lib/isaac_sim_ai/isaacsim_objecct_detection
/home/kabilankb/isaacsim_ai/install/isaac_sim_ai/lib/isaac_sim_ai/isaacsim_object_avoidance
/home/kabilankb/isaacsim_ai/install/isaac_sim_ai/lib/isaac_sim_ai/segmentation
/home/kabilankb/isaacsim_ai/install/isaac_sim_ai/lib/isaac_sim_ai/spot
