[1.075s] Invoking command in '/home/kabilankb/isaacsim_ai/src/isaac_sim_ai': CONDA_PROMPT_MODIFIER=(base) PYTHONPATH=/home/kabilankb/isaacsim_ai/build/isaac_sim_ai/prefix_override:/usr/lib/python3/dist-packages/colcon_core/task/python/colcon_distutils_commands:/home/kabilankb/isaacsim_ai/install/isaac_sim_ai/lib/python3.10/site-packages:${PYTHONPATH} /usr/bin/python3 -W ignore:setup.py install is deprecated setup.py egg_info --egg-base ../../build/isaac_sim_ai build --build-base /home/kabilankb/isaacsim_ai/build/isaac_sim_ai/build install --record /home/kabilankb/isaacsim_ai/build/isaac_sim_ai/install.log --single-version-externally-managed install_data
[1.514s] running egg_info
[1.515s] writing ../../build/isaac_sim_ai/isaac_sim_ai.egg-info/PKG-INFO
[1.515s] writing dependency_links to ../../build/isaac_sim_ai/isaac_sim_ai.egg-info/dependency_links.txt
[1.516s] writing entry points to ../../build/isaac_sim_ai/isaac_sim_ai.egg-info/entry_points.txt
[1.516s] writing requirements to ../../build/isaac_sim_ai/isaac_sim_ai.egg-info/requires.txt
[1.516s] writing top-level names to ../../build/isaac_sim_ai/isaac_sim_ai.egg-info/top_level.txt
[1.519s] reading manifest file '../../build/isaac_sim_ai/isaac_sim_ai.egg-info/SOURCES.txt'
[1.521s] writing manifest file '../../build/isaac_sim_ai/isaac_sim_ai.egg-info/SOURCES.txt'
[1.521s] running build
[1.521s] running build_py
[1.522s] copying isaac_sim_ai/isaacsim_jetbot_balltracking.py -> /home/kabilankb/isaacsim_ai/build/isaac_sim_ai/build/lib/isaac_sim_ai
[1.523s] copying isaac_sim_ai/isaacsim_jetbot_linefollowing.py -> /home/kabilankb/isaacsim_ai/build/isaac_sim_ai/build/lib/isaac_sim_ai
[1.523s] running install
[1.524s] running install_lib
[1.525s] copying /home/kabilankb/isaacsim_ai/build/isaac_sim_ai/build/lib/isaac_sim_ai/isaacsim_jetbot_balltracking.py -> /home/kabilankb/isaacsim_ai/install/isaac_sim_ai/lib/python3.10/site-packages/isaac_sim_ai
[1.525s] copying /home/kabilankb/isaacsim_ai/build/isaac_sim_ai/build/lib/isaac_sim_ai/isaacsim_jetbot_linefollowing.py -> /home/kabilankb/isaacsim_ai/install/isaac_sim_ai/lib/python3.10/site-packages/isaac_sim_ai
[1.526s] byte-compiling /home/kabilankb/isaacsim_ai/install/isaac_sim_ai/lib/python3.10/site-packages/isaac_sim_ai/isaacsim_jetbot_balltracking.py to isaacsim_jetbot_balltracking.cpython-310.pyc
[1.528s] byte-compiling /home/kabilankb/isaacsim_ai/install/isaac_sim_ai/lib/python3.10/site-packages/isaac_sim_ai/isaacsim_jetbot_linefollowing.py to isaacsim_jetbot_linefollowing.cpython-310.pyc
[1.529s] running install_data
[1.529s] running install_egg_info
[1.534s] removing '/home/kabilankb/isaacsim_ai/install/isaac_sim_ai/lib/python3.10/site-packages/isaac_sim_ai-0.0.0-py3.10.egg-info' (and everything under it)
[1.535s] Copying ../../build/isaac_sim_ai/isaac_sim_ai.egg-info to /home/kabilankb/isaacsim_ai/install/isaac_sim_ai/lib/python3.10/site-packages/isaac_sim_ai-0.0.0-py3.10.egg-info
[1.537s] running install_scripts
[1.572s] Installing isaacsim_human_following script to /home/kabilankb/isaacsim_ai/install/isaac_sim_ai/lib/isaac_sim_ai
[1.573s] Installing isaacsim_humanpose script to /home/kabilankb/isaacsim_ai/install/isaac_sim_ai/lib/isaac_sim_ai
[1.573s] Installing isaacsim_jetbot_balltracking script to /home/kabilankb/isaacsim_ai/install/isaac_sim_ai/lib/isaac_sim_ai
[1.573s] Installing isaacsim_jetbot_linefollowing script to /home/kabilankb/isaacsim_ai/install/isaac_sim_ai/lib/isaac_sim_ai
[1.573s] Installing isaacsim_kaya script to /home/kabilankb/isaacsim_ai/install/isaac_sim_ai/lib/isaac_sim_ai
[1.574s] Installing isaacsim_kaya_greencube script to /home/kabilankb/isaacsim_ai/install/isaac_sim_ai/lib/isaac_sim_ai
[1.574s] Installing isaacsim_monodepth script to /home/kabilankb/isaacsim_ai/install/isaac_sim_ai/lib/isaac_sim_ai
[1.574s] Installing isaacsim_objecct_detection script to /home/kabilankb/isaacsim_ai/install/isaac_sim_ai/lib/isaac_sim_ai
[1.574s] Installing isaacsim_object_avoidance script to /home/kabilankb/isaacsim_ai/install/isaac_sim_ai/lib/isaac_sim_ai
[1.574s] Installing segmentation script to /home/kabilankb/isaacsim_ai/install/isaac_sim_ai/lib/isaac_sim_ai
[1.574s] writing list of installed files to '/home/kabilankb/isaacsim_ai/build/isaac_sim_ai/install.log'
[1.610s] Invoked command in '/home/kabilankb/isaacsim_ai/src/isaac_sim_ai' returned '0': CONDA_PROMPT_MODIFIER=(base) PYTHONPATH=/home/kabilankb/isaacsim_ai/build/isaac_sim_ai/prefix_override:/usr/lib/python3/dist-packages/colcon_core/task/python/colcon_distutils_commands:/home/kabilankb/isaacsim_ai/install/isaac_sim_ai/lib/python3.10/site-packages:${PYTHONPATH} /usr/bin/python3 -W ignore:setup.py install is deprecated setup.py egg_info --egg-base ../../build/isaac_sim_ai build --build-base /home/kabilankb/isaacsim_ai/build/isaac_sim_ai/build install --record /home/kabilankb/isaacsim_ai/build/isaac_sim_ai/install.log --single-version-externally-managed install_data
